<?xml version="1.0" encoding="UTF-8"?>
<!-- Generated by org.testng.reporters.JUnitXMLReporter -->
<testsuite hostname="Owner" ignored="0" name="Default test" tests="12" failures="0" timestamp="2021-08-15T21:41:58 EDT" time="14.852" errors="0">
  <testcase name="@BeforeTest setUp" time="14.667" classname="com.accenttechpartners.telocure.testCases.HomePage_TS_001">
    <failure type="org.openqa.selenium.ElementClickInterceptedException" message="element click intercepted: Element &amp;lt;button type=&amp;quot;submit&amp;quot; class=&amp;quot;btn btn-primary&amp;quot;&amp;gt;...&amp;lt;/button&amp;gt; is not clickable at point (288, 357). Other element would receive the click: &amp;lt;div id=&amp;quot;preloader&amp;quot; style=&amp;quot;opacity: 0.320816;&amp;quot;&amp;gt;...&amp;lt;/div&amp;gt;
  (Session info: chrome=92.0.4515.131)
Build info: version: &amp;apos;3.141.59&amp;apos;, revision: &amp;apos;e82be7d358&amp;apos;, time: &amp;apos;2018-11-14T08:17:03&amp;apos;
System info: host: &amp;apos;OWNER&amp;apos;, ip: &amp;apos;10.0.0.47&amp;apos;, os.name: &amp;apos;Windows 8.1&amp;apos;, os.arch: &amp;apos;amd64&amp;apos;, os.version: &amp;apos;6.3&amp;apos;, java.version: &amp;apos;1.8.0_241&amp;apos;
Driver info: org.openqa.selenium.chrome.ChromeDriver
Capabilities {acceptInsecureCerts: false, browserName: chrome, browserVersion: 92.0.4515.131, chrome: {chromedriverVersion: 92.0.4515.107 (87a818b10553..., userDataDir: C:\Users\Owner-Pc\AppData\L...}, goog:chromeOptions: {debuggerAddress: localhost:50338}, javascriptEnabled: true, networkConnectionEnabled: false, pageLoadStrategy: normal, platform: WINDOWS, platformName: WINDOWS, proxy: Proxy(), setWindowRect: true, strictFileInteractability: false, timeouts: {implicit: 0, pageLoad: 300000, script: 30000}, unhandledPromptBehavior: dismiss and notify, webauthn:extension:credBlob: true, webauthn:extension:largeBlob: true, webauthn:virtualAuthenticators: true}
Session ID: 819d29d4c612a094063ce61fe8bae1c4">
      <![CDATA[org.openqa.selenium.ElementClickInterceptedException: element click intercepted: Element <button type="submit" class="btn btn-primary">...</button> is not clickable at point (288, 357). Other element would receive the click: <div id="preloader" style="opacity: 0.320816;">...</div>
  (Session info: chrome=92.0.4515.131)
Build info: version: '3.141.59', revision: 'e82be7d358', time: '2018-11-14T08:17:03'
System info: host: 'OWNER', ip: '10.0.0.47', os.name: 'Windows 8.1', os.arch: 'amd64', os.version: '6.3', java.version: '1.8.0_241'
Driver info: org.openqa.selenium.chrome.ChromeDriver
Capabilities {acceptInsecureCerts: false, browserName: chrome, browserVersion: 92.0.4515.131, chrome: {chromedriverVersion: 92.0.4515.107 (87a818b10553..., userDataDir: C:\Users\Owner-Pc\AppData\L...}, goog:chromeOptions: {debuggerAddress: localhost:50338}, javascriptEnabled: true, networkConnectionEnabled: false, pageLoadStrategy: normal, platform: WINDOWS, platformName: WINDOWS, proxy: Proxy(), setWindowRect: true, strictFileInteractability: false, timeouts: {implicit: 0, pageLoad: 300000, script: 30000}, unhandledPromptBehavior: dismiss and notify, webauthn:extension:credBlob: true, webauthn:extension:largeBlob: true, webauthn:virtualAuthenticators: true}
Session ID: 819d29d4c612a094063ce61fe8bae1c4
at sun.reflect.NativeConstructorAccessorImpl.newInstance0(Native Method)
at sun.reflect.NativeConstructorAccessorImpl.newInstance(NativeConstructorAccessorImpl.java:62)
at sun.reflect.DelegatingConstructorAccessorImpl.newInstance(DelegatingConstructorAccessorImpl.java:45)
at java.lang.reflect.Constructor.newInstance(Constructor.java:423)
at org.openqa.selenium.remote.http.W3CHttpResponseCodec.createException(W3CHttpResponseCodec.java:187)
at org.openqa.selenium.remote.http.W3CHttpResponseCodec.decode(W3CHttpResponseCodec.java:122)
at org.openqa.selenium.remote.http.W3CHttpResponseCodec.decode(W3CHttpResponseCodec.java:49)
at org.openqa.selenium.remote.HttpCommandExecutor.execute(HttpCommandExecutor.java:158)
at org.openqa.selenium.remote.service.DriverCommandExecutor.execute(DriverCommandExecutor.java:83)
at org.openqa.selenium.remote.RemoteWebDriver.execute(RemoteWebDriver.java:552)
at org.openqa.selenium.remote.RemoteWebElement.execute(RemoteWebElement.java:285)
at org.openqa.selenium.remote.RemoteWebElement.click(RemoteWebElement.java:84)
at com.accenttechpartners.telocure.browseFactory.browseFactory.initiateBrowser(browseFactory.java:42)
at com.accenttechpartners.telocure.testCases.HomePage_TS_001.setUp(HomePage_TS_001.java:31)
at sun.reflect.NativeMethodAccessorImpl.invoke0(Native Method)
at sun.reflect.NativeMethodAccessorImpl.invoke(NativeMethodAccessorImpl.java:62)
at sun.reflect.DelegatingMethodAccessorImpl.invoke(DelegatingMethodAccessorImpl.java:43)
at java.lang.reflect.Method.invoke(Method.java:498)
at org.testng.internal.MethodInvocationHelper.invokeMethod(MethodInvocationHelper.java:134)
at org.testng.internal.MethodInvocationHelper.invokeMethodConsideringTimeout(MethodInvocationHelper.java:63)
at org.testng.internal.ConfigInvoker.invokeConfigurationMethod(ConfigInvoker.java:348)
at org.testng.internal.ConfigInvoker.invokeConfigurations(ConfigInvoker.java:302)
at org.testng.TestRunner.invokeTestConfigurations(TestRunner.java:619)
at org.testng.TestRunner.beforeRun(TestRunner.java:609)
at org.testng.TestRunner.run(TestRunner.java:580)
at org.testng.SuiteRunner.runTest(SuiteRunner.java:384)
at org.testng.SuiteRunner.runSequentially(SuiteRunner.java:378)
at org.testng.SuiteRunner.privateRun(SuiteRunner.java:337)
at org.testng.SuiteRunner.run(SuiteRunner.java:286)
at org.testng.SuiteRunnerWorker.runSuite(SuiteRunnerWorker.java:53)
at org.testng.SuiteRunnerWorker.run(SuiteRunnerWorker.java:96)
at org.testng.TestNG.runSuitesSequentially(TestNG.java:1187)
at org.testng.TestNG.runSuitesLocally(TestNG.java:1109)
at org.testng.TestNG.runSuites(TestNG.java:1039)
at org.testng.TestNG.run(TestNG.java:1007)
at org.testng.remote.AbstractRemoteTestNG.run(AbstractRemoteTestNG.java:115)
at org.testng.remote.RemoteTestNG.initAndRun(RemoteTestNG.java:251)
at org.testng.remote.RemoteTestNG.main(RemoteTestNG.java:77)
]]>
    </failure>
  </testcase> <!-- @BeforeTest setUp -->
  <testcase name="@AfterTest tearDown" time="-1.62907811859E9" classname="com.accenttechpartners.telocure.testCases.HomePage_TS_001">
    <skipped/>
  </testcase> <!-- @AfterTest tearDown -->
  <testcase name="TC_001_ClickHome" time="0.0" classname="com.accenttechpartners.telocure.testCases.HomePage_TS_001">
    <skipped/>
  </testcase> <!-- TC_001_ClickHome -->
  <testcase name="TC_002_ClickPatient_JoinNow" time="0.0" classname="com.accenttechpartners.telocure.testCases.HomePage_TS_001">
    <skipped/>
  </testcase> <!-- TC_002_ClickPatient_JoinNow -->
  <testcase name="TC_003_ClickPatient_Signin" time="0.0" classname="com.accenttechpartners.telocure.testCases.HomePage_TS_001">
    <skipped/>
  </testcase> <!-- TC_003_ClickPatient_Signin -->
  <testcase name="TC_004_ClickDoctor_JoinNow" time="0.0" classname="com.accenttechpartners.telocure.testCases.HomePage_TS_001">
    <skipped/>
  </testcase> <!-- TC_004_ClickDoctor_JoinNow -->
  <testcase name="TC_005_ClickDoctor_Signin" time="0.0" classname="com.accenttechpartners.telocure.testCases.HomePage_TS_001">
    <skipped/>
  </testcase> <!-- TC_005_ClickDoctor_Signin -->
  <testcase name="TC_006_ClickHospital_JoinNow" time="0.0" classname="com.accenttechpartners.telocure.testCases.HomePage_TS_001">
    <skipped/>
  </testcase> <!-- TC_006_ClickHospital_JoinNow -->
  <testcase name="TC_007_ClickHospital_Signin" time="0.0" classname="com.accenttechpartners.telocure.testCases.HomePage_TS_001">
    <skipped/>
  </testcase> <!-- TC_007_ClickHospital_Signin -->
  <testcase name="TC_008_ClickEPrescription" time="0.0" classname="com.accenttechpartners.telocure.testCases.HomePage_TS_001">
    <skipped/>
  </testcase> <!-- TC_008_ClickEPrescription -->
  <testcase name="TC_009_ClickContactUs" time="0.0" classname="com.accenttechpartners.telocure.testCases.HomePage_TS_001">
    <skipped/>
  </testcase> <!-- TC_009_ClickContactUs -->
  <testcase name="TC_010_ClickContactUsBottom" time="0.0" classname="com.accenttechpartners.telocure.testCases.HomePage_TS_001">
    <skipped/>
  </testcase> <!-- TC_010_ClickContactUsBottom -->
  <testcase name="TC_011_HomebuttonInContactUs" time="0.0" classname="com.accenttechpartners.telocure.testCases.HomePage_TS_001">
    <skipped/>
  </testcase> <!-- TC_011_HomebuttonInContactUs -->
  <testcase name="TC_012_TopLineAboutUsButton" time="0.0" classname="com.accenttechpartners.telocure.testCases.HomePage_TS_001">
    <skipped/>
  </testcase> <!-- TC_012_TopLineAboutUsButton -->
</testsuite> <!-- Default test -->
